<?xml version="1.0" encoding="UTF-8"?>
<testng-results ignored="0" total="1" passed="1" failed="0" skipped="0">
  <reporter-output>
  </reporter-output>
  <suite started-at="2022-01-20T13:51:30 IST" name="ActiTime Automation" finished-at="2022-01-20T13:53:27 IST" duration-ms="117081">
    <groups>
    </groups>
    <test started-at="2022-01-20T13:51:30 IST" name="Scenarios" finished-at="2022-01-20T13:53:27 IST" duration-ms="117081">
      <class name="com.sgtesting.actitime.driverscript.DriverScript">
        <test-method is-config="true" signature="startAutomationSuite()[pri:0, instance:com.sgtesting.actitime.driverscript.DriverScript@2af004b]" started-at="2022-01-20T13:51:30 IST" name="startAutomationSuite" finished-at="2022-01-20T13:51:30 IST" duration-ms="186" status="PASS">
          <reporter-output>
          </reporter-output>
        </test-method> <!-- startAutomationSuite -->
        <test-method is-config="true" signature="loadFiles()[pri:0, instance:com.sgtesting.actitime.driverscript.DriverScript@2af004b]" started-at="2022-01-20T13:51:30 IST" name="loadFiles" finished-at="2022-01-20T13:51:30 IST" duration-ms="11" status="PASS">
          <reporter-output>
          </reporter-output>
        </test-method> <!-- loadFiles -->
        <test-method signature="executeTestScenarios()[pri:0, instance:com.sgtesting.actitime.driverscript.DriverScript@2af004b]" started-at="2022-01-20T13:51:30 IST" name="executeTestScenarios" finished-at="2022-01-20T13:53:27 IST" duration-ms="116956" status="PASS">
          <reporter-output>
          </reporter-output>
        </test-method> <!-- executeTestScenarios -->
        <test-method is-config="true" signature="endAutomationSuite()[pri:0, instance:com.sgtesting.actitime.driverscript.DriverScript@2af004b]" started-at="2022-01-20T13:53:27 IST" name="endAutomationSuite" finished-at="2022-01-20T13:53:27 IST" duration-ms="179" status="PASS">
          <reporter-output>
          </reporter-output>
        </test-method> <!-- endAutomationSuite -->
      </class> <!-- com.sgtesting.actitime.driverscript.DriverScript -->
    </test> <!-- Scenarios -->
  </suite> <!-- ActiTime Automation -->
</testng-results>
